#
# A fatal error has been detected by the Java Runtime Environment:
#
#  SIGILL (0x4) at pc=0x00007f82e089230f, pid=77363, tid=77386
#
# JRE version: OpenJDK Runtime Environment (11.0.11+9) (build 11.0.11+9-Ubuntu-0ubuntu2.20.04)
# Java VM: OpenJDK 64-Bit Server VM (11.0.11+9-Ubuntu-0ubuntu2.20.04, mixed mode, sharing, tiered, compressed oops, g1 gc, linux-amd64)
# Problematic frame:
# j  java.io.FileInputStream.read([BII)I+4 java.base@11.0.11
#
# Core dump will be written. Default location: Core dumps may be processed with "/usr/share/apport/apport %p %s %c %d %P %E" (or dumping to /home/vinex22/jenkins/core.77363)
#
# If you would like to submit a bug report, please visit:
#   https://bugs.launchpad.net/ubuntu/+source/openjdk-lts
#

---------------  S U M M A R Y ------------

Command Line: -Xverify:none -Xmx64M org.eclipse.lemminx.XMLServerLauncher

Host: AMD Ryzen 7 2700X Eight-Core Processor, 16 cores, 62G, Ubuntu 20.04.2 LTS
Time: Fri May 14 23:33:41 2021 +08 elapsed time: 8.879305 seconds (0d 0h 0m 8s)

---------------  T H R E A D  ---------------

Current thread (0x00007f82f8214000):  JavaThread "pool-4-thread-1" [_thread_in_Java, id=77386, stack(0x00007f82d1759000,0x00007f82d185a000)]

Stack: [0x00007f82d1759000,0x00007f82d185a000],  sp=0x00007f82d1858628,  free space=1021k
Native frames: (J=compiled Java code, A=aot compiled Java code, j=interpreted, Vv=VM code, C=native code)
j  java.io.FileInputStream.read([BII)I+4 java.base@11.0.11
j  java.io.BufferedInputStream.fill()V+217 java.base@11.0.11
J 993 c2 java.io.BufferedInputStream.read()I java.base@11.0.11 (49 bytes) @ 0x00007f82e844ef3c [0x00007f82e844ee40+0x00000000000000fc]
j  org.eclipse.lsp4j.jsonrpc.json.StreamMessageProducer.listen(Lorg/eclipse/lsp4j/jsonrpc/MessageConsumer;)V+54
j  org.eclipse.lsp4j.jsonrpc.json.ConcurrentMessageProcessor.run()V+12
j  java.util.concurrent.Executors$RunnableAdapter.call()Ljava/lang/Object;+4 java.base@11.0.11
j  java.util.concurrent.FutureTask.run()V+39 java.base@11.0.11
j  java.util.concurrent.ThreadPoolExecutor.runWorker(Ljava/util/concurrent/ThreadPoolExecutor$Worker;)V+92 java.base@11.0.11
j  java.util.concurrent.ThreadPoolExecutor$Worker.run()V+5 java.base@11.0.11
j  java.lang.Thread.run()V+11 java.base@11.0.11
v  ~StubRoutines::call_stub
V  [libjvm.so+0x859b69]
V  [libjvm.so+0x8581be]
V  [libjvm.so+0x903dd1]
V  [libjvm.so+0xe2105f]
V  [libjvm.so+0xe1d690]
V  [libjvm.so+0xbdac76]


siginfo: si_signo: 4 (SIGILL), si_code: 2 (ILL_ILLOPN), si_addr: 0x00007f82e089230f

Register to memory mapping:

RAX=0x0000000000000017 is an unknown value
RBX=0x00007f82d1858628 is pointing into the stack for thread: 0x00007f82f8214000
RCX=0x0000000000000001 is an unknown value
RDX=0x0000000000000017 is an unknown value
RSP=0x00007f82d1858628 is pointing into the stack for thread: 0x00007f82f8214000
RBP=0x00007f82d1858618 is pointing into the stack for thread: 0x00007f82f8214000
RSI=0x00007f82d18585d0 is pointing into the stack for thread: 0x00007f82f8214000
RDI=0x00007f82e0881980 is at code_begin+832 in an Interpreter codelet
invoke return entry points  [0x00007f82e0881640, 0x00007f82e0882060]  2592 bytes
R8 =0x00007f82d18564e0 is pointing into the stack for thread: 0x00007f82f8214000
R9 =0x0000000000000017 is an unknown value
R10=0x00007f8300f4ba20: <offset 0x0000000001293a20> in /usr/lib/jvm/java-11-openjdk-amd64/lib/server/libjvm.so at 0x00007f82ffcb8000
R11=0x00007f82d18585b0 is pointing into the stack for thread: 0x00007f82f8214000
R12=0x0 is NULL
R13=0x00007f82d18585d0 is pointing into the stack for thread: 0x00007f82f8214000
R14=0x00007f82d1858640 is pointing into the stack for thread: 0x00007f82f8214000
R15=0x00007f82f8214000 is a thread


Registers:
RAX=0x0000000000000017, RBX=0x00007f82d1858628, RCX=0x0000000000000001, RDX=0x0000000000000017
RSP=0x00007f82d1858628, RBP=0x00007f82d1858618, RSI=0x00007f82d18585d0, RDI=0x00007f82e0881980
R8 =0x00007f82d18564e0, R9 =0x0000000000000017, R10=0x00007f8300f4ba20, R11=0x00007f82d18585b0
R12=0x0000000000000000, R13=0x00007f82d18585d0, R14=0x00007f82d1858640, R15=0x00007f82f8214000
RIP=0x00007f82e089230f, EFLAGS=0x0000000000010246, CSGSFS=0x002b000000000033, ERR=0x0000000000000000
  TRAPNO=0x0000000000000006

Top of Stack: (sp=0x00007f82d1858628)
0x00007f82d1858628:   0000000000002000 0000000000000000
0x00007f82d1858638:   00000000fff05660 00000000fff05488
0x00007f82d1858648:   00007f82d1858648 00000008009611b9
0x00007f82d1858658:   00007f82d18586b8 000000080032a898 

Instructions: (pc=0x00007f82e089230f)
0x00007f82e089220f:   c4 08 48 8b 5d f8 41 81 bf 10 04 00 00 03 00 00
0x00007f82e089221f:   00 0f 84 e3 00 00 00 49 3b 9f 20 04 00 00 0f 8e
0x00007f82e089222f:   d6 00 00 00 49 8b ff f7 c4 0f 00 00 00 0f 84 12
0x00007f82e089223f:   00 00 00 48 83 ec 08 e8 b5 67 0c 20 48 83 c4 08
0x00007f82e089224f:   e9 05 00 00 00 e8 a7 67 0c 20 e8 05 00 00 00 e9
0x00007f82e089225f:   92 00 00 00 48 8d 44 24 08 4c 89 6d c0 49 8b ff
0x00007f82e089226f:   c5 f8 77 49 89 af 38 03 00 00 49 89 87 28 03 00
0x00007f82e089227f:   00 f7 c4 0f 00 00 00 0f 84 12 00 00 00 48 83 ec
0x00007f82e089228f:   08 e8 cb 0d c7 1f 48 83 c4 08 e9 05 00 00 00 e8
0x00007f82e089229f:   bd 0d c7 1f 49 ba 00 00 00 00 00 00 00 00 4d 89
0x00007f82e08922af:   97 28 03 00 00 49 ba 00 00 00 00 00 00 00 00 4d
0x00007f82e08922bf:   89 97 38 03 00 00 49 ba 00 00 00 00 00 00 00 00
0x00007f82e08922cf:   4d 89 97 30 03 00 00 c5 f8 77 49 81 7f 08 00 00
0x00007f82e08922df:   00 00 0f 84 05 00 00 00 e9 14 68 fe ff 4c 8b 6d
0x00007f82e08922ef:   c0 4c 8b 75 c8 c3 48 bf 7a 2a bd 00 83 7f 00 00
0x00007f82e08922ff:   48 83 f6 f0 e8 08 a9 ed 1f f4 4d 41 5d 48 8b e3
0x00007f82e089230f:   41 ff ed 66 0f 1f 44 00 00 00 73 00 00 00 00 00
0x00007f82e089231f:   00 20 6f 00 00 00 00 00 00 a6 fb bc 00 83 7f 00
0x00007f82e089232f:   00 ad 4b 00 00 00 00 00 00 00 c8 00 00 00 00 00
0x00007f82e089233f:   00 48 8b 04 24 48 83 c4 10 41 f6 87 08 01 00 00
0x00007f82e089234f:   08 0f 84 bb 00 00 00 48 83 ec 10 48 89 04 24 49
0x00007f82e089235f:   ba 00 00 00 00 00 00 00 00 4c 89 54 24 08 e8 05
0x00007f82e089236f:   00 00 00 e9 92 00 00 00 48 8d 44 24 08 4c 89 6d
0x00007f82e089237f:   c0 49 8b ff c5 f8 77 49 89 af 38 03 00 00 49 89
0x00007f82e089238f:   87 28 03 00 00 f7 c4 0f 00 00 00 0f 84 12 00 00
0x00007f82e089239f:   00 48 83 ec 08 e8 77 2f c7 1f 48 83 c4 08 e9 05
0x00007f82e08923af:   00 00 00 e8 69 2f c7 1f 49 ba 00 00 00 00 00 00
0x00007f82e08923bf:   00 00 ed 89 97 28 03 00 00 49 7e 00 00 00 00 00
0x00007f82e08923cf:   00 00 8d 4d 89 97 38 03 00 00 cd ba 00 00 00 00
0x00007f82e08923df:   00 00 3c 00 4d 89 97 30 03 00 03 c5 f8 77 49 81
0x00007f82e08923ef:   7f 08 74 00 00 00 0f 84 05 00 d7 00 e9 00 67 fe
0x00007f82e08923ff:   ff 4c 8b 6d c0 4c 8b 75 c8 c3 48 8b 04 24 48 83 


Stack slot to memory mapping:
stack at sp + 0 slots: 0x0000000000002000 is an unknown value
stack at sp + 1 slots: 0x0 is NULL
stack at sp + 2 slots: 0x00000000fff05660 points into unknown readable memory: 0x0000000000000001 | 01 00 00 00 00 00 00 00
stack at sp + 3 slots: 0x00000000fff05488 points into unknown readable memory: 0x0000000000000001 | 01 00 00 00 00 00 00 00
stack at sp + 4 slots: 0x00007f82d1858648 is pointing into the stack for thread: 0x00007f82f8214000
stack at sp + 5 slots: 0x00000008009611b9 is pointing into metadata
stack at sp + 6 slots: 0x00007f82d18586b8 is pointing into the stack for thread: 0x00007f82f8214000
stack at sp + 7 slots: 0x000000080032a898 is pointing into metadata

  
[error occurred during error reporting (printing code blob if possible), id 0xb, SIGSEGV (0xb) at pc=0x00007f8301133675]


---------------  P R O C E S S  ---------------

Threads class SMR info:
_java_thread_list=0x00007f829c011780, length=14, elements={
0x00007f82f80cd000, 0x00007f82f80cf000, 0x00007f82f80d5800, 0x00007f82f80d7800,
0x00007f82f80d9800, 0x00007f82f80e4000, 0x00007f82f80e6000, 0x00007f82ac0ad800,
0x00007f82f8121000, 0x00007f82f81ba800, 0x00007f82f8214000, 0x00007f82f8016000,
0x00007f828c0b5000, 0x00007f827c011000
}

Java Threads: ( => current thread )
  0x00007f82f80cd000 JavaThread "Reference Handler" daemon [_thread_blocked, id=77371, stack(0x00007f82d3176000,0x00007f82d3277000)]
  0x00007f82f80cf000 JavaThread "Finalizer" daemon [_thread_blocked, id=77372, stack(0x00007f82d3075000,0x00007f82d3176000)]
  0x00007f82f80d5800 JavaThread "Signal Dispatcher" daemon [_thread_blocked, id=77373, stack(0x00007f82d2195000,0x00007f82d2296000)]
  0x00007f82f80d7800 JavaThread "Service Thread" daemon [_thread_blocked, id=77374, stack(0x00007f82d2094000,0x00007f82d2195000)]
  0x00007f82f80d9800 JavaThread "C2 CompilerThread0" daemon [_thread_blocked, id=77375, stack(0x00007f82d1f93000,0x00007f82d2094000)]
  0x00007f82f80e4000 JavaThread "C1 CompilerThread0" daemon [_thread_blocked, id=77376, stack(0x00007f82d1e92000,0x00007f82d1f93000)]
  0x00007f82f80e6000 JavaThread "Sweeper thread" daemon [_thread_blocked, id=77377, stack(0x00007f82d1d91000,0x00007f82d1e92000)]
  0x00007f82ac0ad800 JavaThread "C1 CompilerThread1" daemon [_thread_blocked, id=77378, stack(0x00007f82d1c90000,0x00007f82d1d91000)]
  0x00007f82f8121000 JavaThread "Common-Cleaner" daemon [_thread_blocked, id=77381, stack(0x00007f82d198c000,0x00007f82d1a8d000)]
  0x00007f82f81ba800 JavaThread "pool-3-thread-1" [_thread_blocked, id=77382, stack(0x00007f82d185a000,0x00007f82d195b000)]
=>0x00007f82f8214000 JavaThread "pool-4-thread-1" [_thread_in_Java, id=77386, stack(0x00007f82d1759000,0x00007f82d185a000)]
  0x00007f82f8016000 JavaThread "DestroyJavaVM" [_thread_blocked, id=77364, stack(0x00007f82ff86c000,0x00007f82ff96d000)]
  0x00007f828c0b5000 JavaThread "ForkJoinPool.commonPool-worker-19" daemon [_thread_blocked, id=77408, stack(0x00007f82d1355000,0x00007f82d1456000)]
  0x00007f827c011000 JavaThread "ForkJoinPool.commonPool-worker-5" daemon [_thread_blocked, id=77409, stack(0x00007f82d1254000,0x00007f82d1355000)]

Other Threads:
  0x00007f82f80ca000 VMThread "VM Thread" [stack: 0x00007f82d3279000,0x00007f82d3379000] [id=77370]
  0x00007f82f811e800 WatcherThread [stack: 0x00007f82d1a8f000,0x00007f82d1b8f000] [id=77380]
  0x00007f82f802e800 GCTaskThread "GC Thread#0" [stack: 0x00007f82ff51e000,0x00007f82ff61e000] [id=77365]
  0x00007f82f8036000 ConcurrentGCThread "G1 Main Marker" [stack: 0x00007f82fe4a8000,0x00007f82fe5a8000] [id=77366]
  0x00007f82f8037800 ConcurrentGCThread "G1 Conc#0" [stack: 0x00007f82fe3a6000,0x00007f82fe4a6000] [id=77367]
  0x00007f82f80a0800 ConcurrentGCThread "G1 Refine#0" [stack: 0x00007f82d3cfe000,0x00007f82d3dfe000] [id=77368]
  0x00007f82f80a2800 ConcurrentGCThread "G1 Young RemSet Sampling" [stack: 0x00007f82d3bfc000,0x00007f82d3cfc000] [id=77369]

Threads with active compile tasks:

VM state:not at safepoint (normal execution)

VM Mutex/Monitor currently owned by a thread: None

Heap address: 0x00000000fc000000, size: 64 MB, Compressed Oops mode: 32-bit
Narrow klass base: 0x0000000800000000, Narrow klass shift: 3
Compressed class space size: 1073741824 Address: 0x0000000840000000

Heap:
 garbage-first heap   total 65536K, used 22216K [0x00000000fc000000, 0x0000000100000000)
  region size 1024K, 22 young (22528K), 0 survivors (0K)
 Metaspace       used 7883K, capacity 9146K, committed 9344K, reserved 1056768K
  class space    used 907K, capacity 1047K, committed 1152K, reserved 1048576K
Heap Regions: E=young(eden), S=young(survivor), O=old, HS=humongous(starts), HC=humongous(continues), CS=collection set, F=free, A=archive, TAMS=top-at-mark-start (previous, next)
|   0|0x00000000fc000000, 0x00000000fc100000, 0x00000000fc100000|100%|HS|  |TAMS 0x00000000fc000000, 0x00000000fc000000| Complete 
|   1|0x00000000fc100000, 0x00000000fc100000, 0x00000000fc200000|  0%| F|  |TAMS 0x00000000fc100000, 0x00000000fc100000| Untracked 
|   2|0x00000000fc200000, 0x00000000fc200000, 0x00000000fc300000|  0%| F|  |TAMS 0x00000000fc200000, 0x00000000fc200000| Untracked 
|   3|0x00000000fc300000, 0x00000000fc300000, 0x00000000fc400000|  0%| F|  |TAMS 0x00000000fc300000, 0x00000000fc300000| Untracked 
|   4|0x00000000fc400000, 0x00000000fc400000, 0x00000000fc500000|  0%| F|  |TAMS 0x00000000fc400000, 0x00000000fc400000| Untracked 
|   5|0x00000000fc500000, 0x00000000fc500000, 0x00000000fc600000|  0%| F|  |TAMS 0x00000000fc500000, 0x00000000fc500000| Untracked 
|   6|0x00000000fc600000, 0x00000000fc600000, 0x00000000fc700000|  0%| F|  |TAMS 0x00000000fc600000, 0x00000000fc600000| Untracked 
|   7|0x00000000fc700000, 0x00000000fc700000, 0x00000000fc800000|  0%| F|  |TAMS 0x00000000fc700000, 0x00000000fc700000| Untracked 
|   8|0x00000000fc800000, 0x00000000fc800000, 0x00000000fc900000|  0%| F|  |TAMS 0x00000000fc800000, 0x00000000fc800000| Untracked 
|   9|0x00000000fc900000, 0x00000000fc900000, 0x00000000fca00000|  0%| F|  |TAMS 0x00000000fc900000, 0x00000000fc900000| Untracked 
|  10|0x00000000fca00000, 0x00000000fca00000, 0x00000000fcb00000|  0%| F|  |TAMS 0x00000000fca00000, 0x00000000fca00000| Untracked 
|  11|0x00000000fcb00000, 0x00000000fcb00000, 0x00000000fcc00000|  0%| F|  |TAMS 0x00000000fcb00000, 0x00000000fcb00000| Untracked 
|  12|0x00000000fcc00000, 0x00000000fcc00000, 0x00000000fcd00000|  0%| F|  |TAMS 0x00000000fcc00000, 0x00000000fcc00000| Untracked 
|  13|0x00000000fcd00000, 0x00000000fcd00000, 0x00000000fce00000|  0%| F|  |TAMS 0x00000000fcd00000, 0x00000000fcd00000| Untracked 
|  14|0x00000000fce00000, 0x00000000fce00000, 0x00000000fcf00000|  0%| F|  |TAMS 0x00000000fce00000, 0x00000000fce00000| Untracked 
|  15|0x00000000fcf00000, 0x00000000fcf00000, 0x00000000fd000000|  0%| F|  |TAMS 0x00000000fcf00000, 0x00000000fcf00000| Untracked 
|  16|0x00000000fd000000, 0x00000000fd000000, 0x00000000fd100000|  0%| F|  |TAMS 0x00000000fd000000, 0x00000000fd000000| Untracked 
|  17|0x00000000fd100000, 0x00000000fd100000, 0x00000000fd200000|  0%| F|  |TAMS 0x00000000fd100000, 0x00000000fd100000| Untracked 
|  18|0x00000000fd200000, 0x00000000fd200000, 0x00000000fd300000|  0%| F|  |TAMS 0x00000000fd200000, 0x00000000fd200000| Untracked 
|  19|0x00000000fd300000, 0x00000000fd300000, 0x00000000fd400000|  0%| F|  |TAMS 0x00000000fd300000, 0x00000000fd300000| Untracked 
|  20|0x00000000fd400000, 0x00000000fd400000, 0x00000000fd500000|  0%| F|  |TAMS 0x00000000fd400000, 0x00000000fd400000| Untracked 
|  21|0x00000000fd500000, 0x00000000fd500000, 0x00000000fd600000|  0%| F|  |TAMS 0x00000000fd500000, 0x00000000fd500000| Untracked 
|  22|0x00000000fd600000, 0x00000000fd600000, 0x00000000fd700000|  0%| F|  |TAMS 0x00000000fd600000, 0x00000000fd600000| Untracked 
|  23|0x00000000fd700000, 0x00000000fd700000, 0x00000000fd800000|  0%| F|  |TAMS 0x00000000fd700000, 0x00000000fd700000| Untracked 
|  24|0x00000000fd800000, 0x00000000fd800000, 0x00000000fd900000|  0%| F|  |TAMS 0x00000000fd800000, 0x00000000fd800000| Untracked 
|  25|0x00000000fd900000, 0x00000000fd900000, 0x00000000fda00000|  0%| F|  |TAMS 0x00000000fd900000, 0x00000000fd900000| Untracked 
|  26|0x00000000fda00000, 0x00000000fda00000, 0x00000000fdb00000|  0%| F|  |TAMS 0x00000000fda00000, 0x00000000fda00000| Untracked 
|  27|0x00000000fdb00000, 0x00000000fdb00000, 0x00000000fdc00000|  0%| F|  |TAMS 0x00000000fdb00000, 0x00000000fdb00000| Untracked 
|  28|0x00000000fdc00000, 0x00000000fdc00000, 0x00000000fdd00000|  0%| F|  |TAMS 0x00000000fdc00000, 0x00000000fdc00000| Untracked 
|  29|0x00000000fdd00000, 0x00000000fdd00000, 0x00000000fde00000|  0%| F|  |TAMS 0x00000000fdd00000, 0x00000000fdd00000| Untracked 
|  30|0x00000000fde00000, 0x00000000fde00000, 0x00000000fdf00000|  0%| F|  |TAMS 0x00000000fde00000, 0x00000000fde00000| Untracked 
|  31|0x00000000fdf00000, 0x00000000fdf00000, 0x00000000fe000000|  0%| F|  |TAMS 0x00000000fdf00000, 0x00000000fdf00000| Untracked 
|  32|0x00000000fe000000, 0x00000000fe000000, 0x00000000fe100000|  0%| F|  |TAMS 0x00000000fe000000, 0x00000000fe000000| Untracked 
|  33|0x00000000fe100000, 0x00000000fe100000, 0x00000000fe200000|  0%| F|  |TAMS 0x00000000fe100000, 0x00000000fe100000| Untracked 
|  34|0x00000000fe200000, 0x00000000fe200000, 0x00000000fe300000|  0%| F|  |TAMS 0x00000000fe200000, 0x00000000fe200000| Untracked 
|  35|0x00000000fe300000, 0x00000000fe300000, 0x00000000fe400000|  0%| F|  |TAMS 0x00000000fe300000, 0x00000000fe300000| Untracked 
|  36|0x00000000fe400000, 0x00000000fe400000, 0x00000000fe500000|  0%| F|  |TAMS 0x00000000fe400000, 0x00000000fe400000| Untracked 
|  37|0x00000000fe500000, 0x00000000fe500000, 0x00000000fe600000|  0%| F|  |TAMS 0x00000000fe500000, 0x00000000fe500000| Untracked 
|  38|0x00000000fe600000, 0x00000000fe600000, 0x00000000fe700000|  0%| F|  |TAMS 0x00000000fe600000, 0x00000000fe600000| Untracked 
|  39|0x00000000fe700000, 0x00000000fe700000, 0x00000000fe800000|  0%| F|  |TAMS 0x00000000fe700000, 0x00000000fe700000| Untracked 
|  40|0x00000000fe800000, 0x00000000fe87b638, 0x00000000fe900000| 48%| E|  |TAMS 0x00000000fe800000, 0x00000000fe800000| Complete 
|  41|0x00000000fe900000, 0x00000000fea00000, 0x00000000fea00000|100%| E|CS|TAMS 0x00000000fe900000, 0x00000000fe900000| Complete 
|  42|0x00000000fea00000, 0x00000000feb00000, 0x00000000feb00000|100%| E|CS|TAMS 0x00000000fea00000, 0x00000000fea00000| Complete 
|  43|0x00000000feb00000, 0x00000000fec00000, 0x00000000fec00000|100%| E|CS|TAMS 0x00000000feb00000, 0x00000000feb00000| Complete 
|  44|0x00000000fec00000, 0x00000000fed00000, 0x00000000fed00000|100%| E|CS|TAMS 0x00000000fec00000, 0x00000000fec00000| Complete 
|  45|0x00000000fed00000, 0x00000000fee00000, 0x00000000fee00000|100%| E|  |TAMS 0x00000000fed00000, 0x00000000fed00000| Complete 
|  46|0x00000000fee00000, 0x00000000fef00000, 0x00000000fef00000|100%| E|CS|TAMS 0x00000000fee00000, 0x00000000fee00000| Complete 
|  47|0x00000000fef00000, 0x00000000ff000000, 0x00000000ff000000|100%| E|CS|TAMS 0x00000000fef00000, 0x00000000fef00000| Complete 
|  48|0x00000000ff000000, 0x00000000ff100000, 0x00000000ff100000|100%| E|CS|TAMS 0x00000000ff000000, 0x00000000ff000000| Complete 
|  49|0x00000000ff100000, 0x00000000ff200000, 0x00000000ff200000|100%| E|CS|TAMS 0x00000000ff100000, 0x00000000ff100000| Complete 
|  50|0x00000000ff200000, 0x00000000ff300000, 0x00000000ff300000|100%| E|CS|TAMS 0x00000000ff200000, 0x00000000ff200000| Complete 
|  51|0x00000000ff300000, 0x00000000ff400000, 0x00000000ff400000|100%| E|CS|TAMS 0x00000000ff300000, 0x00000000ff300000| Complete 
|  52|0x00000000ff400000, 0x00000000ff500000, 0x00000000ff500000|100%| E|CS|TAMS 0x00000000ff400000, 0x00000000ff400000| Complete 
|  53|0x00000000ff500000, 0x00000000ff600000, 0x00000000ff600000|100%| E|CS|TAMS 0x00000000ff500000, 0x00000000ff500000| Complete 
|  54|0x00000000ff600000, 0x00000000ff700000, 0x00000000ff700000|100%| E|CS|TAMS 0x00000000ff600000, 0x00000000ff600000| Complete 
|  55|0x00000000ff700000, 0x00000000ff800000, 0x00000000ff800000|100%| E|CS|TAMS 0x00000000ff700000, 0x00000000ff700000| Complete 
|  56|0x00000000ff800000, 0x00000000ff847000, 0x00000000ff900000| 27%|OA|  |TAMS 0x00000000ff800000, 0x00000000ff800000| Untracked 
|  57|0x00000000ff900000, 0x00000000ffa00000, 0x00000000ffa00000|100%| E|CS|TAMS 0x00000000ff900000, 0x00000000ff900000| Complete 
|  58|0x00000000ffa00000, 0x00000000ffb00000, 0x00000000ffb00000|100%| E|CS|TAMS 0x00000000ffa00000, 0x00000000ffa00000| Complete 
|  59|0x00000000ffb00000, 0x00000000ffc00000, 0x00000000ffc00000|100%| E|CS|TAMS 0x00000000ffb00000, 0x00000000ffb00000| Complete 
|  60|0x00000000ffc00000, 0x00000000ffc6b000, 0x00000000ffd00000| 41%|CA|  |TAMS 0x00000000ffc00000, 0x00000000ffc00000| Untracked 
|  61|0x00000000ffd00000, 0x00000000ffe00000, 0x00000000ffe00000|100%| E|CS|TAMS 0x00000000ffd00000, 0x00000000ffd00000| Complete 
|  62|0x00000000ffe00000, 0x00000000fff00000, 0x00000000fff00000|100%| E|CS|TAMS 0x00000000ffe00000, 0x00000000ffe00000| Complete 
|  63|0x00000000fff00000, 0x0000000100000000, 0x0000000100000000|100%| E|CS|TAMS 0x00000000fff00000, 0x00000000fff00000| Complete 

Card table byte_map: [0x00007f82fe7cf000,0x00007f82fe7ef000] _byte_map_base: 0x00007f82fdfef000

Marking Bits (Prev, Next): (CMBitMap*) 0x00007f82f8034a48, (CMBitMap*) 0x00007f82f8034a80
 Prev Bits: [0x00007f82fe6af000, 0x00007f82fe7af000)
 Next Bits: [0x00007f82fe5af000, 0x00007f82fe6af000)

Polling page: 0x00007f830119d000

Metaspace:

Usage:
  Non-class:      7.91 MB capacity,     6.81 MB ( 86%) used,     1.08 MB ( 14%) free+waste,    19.81 KB ( <1%) overhead. 
      Class:      1.02 MB capacity,   907.63 KB ( 87%) used,   129.24 KB ( 12%) free+waste,    10.12 KB ( <1%) overhead. 
       Both:      8.93 MB capacity,     7.70 MB ( 86%) used,     1.20 MB ( 13%) free+waste,    29.94 KB ( <1%) overhead. 

Virtual space:
  Non-class space:        8.00 MB reserved,       8.00 MB (100%) committed 
      Class space:        1.00 GB reserved,       1.12 MB ( <1%) committed 
             Both:        1.01 GB reserved,       9.12 MB ( <1%) committed 

Chunk freelists:
   Non-Class:  0 bytes
       Class:  9.00 KB
        Both:  9.00 KB

MaxMetaspaceSize: unlimited
CompressedClassSpaceSize: 1.00 GB

CodeHeap 'non-profiled nmethods': size=119172Kb used=350Kb max_used=350Kb free=118821Kb
 bounds [0x00007f82e8417000, 0x00007f82e8687000, 0x00007f82ef878000]
CodeHeap 'profiled nmethods': size=119168Kb used=3014Kb max_used=3014Kb free=116153Kb
 bounds [0x00007f82e0fb7000, 0x00007f82e12b7000, 0x00007f82e8417000]
CodeHeap 'non-nmethods': size=7420Kb used=1685Kb max_used=2832Kb free=5734Kb
 bounds [0x00007f82e0878000, 0x00007f82e0b48000, 0x00007f82e0fb7000]
 total_blobs=1938 nmethods=1481 adapters=369
 compilation: enabled
              stopped_count=0, restarted_count=0
 full_count=0

Compilation events (20 events):
Event: 1.314 Thread 0x00007f82f80e4000 1474       3       java.util.regex.Pattern$$Lambda$10/0x0000000840062440::is (9 bytes)
Event: 1.314 Thread 0x00007f82ac0af800 1475       3       java.util.regex.Pattern::lambda$Single$8 (11 bytes)
Event: 1.314 Thread 0x00007f82a80c2800 nmethod 1473 0x00007f82e12a3390 code [0x00007f82e12a3540, 0x00007f82e12a3780]
Event: 1.314 Thread 0x00007f82ac0af800 nmethod 1475 0x00007f82e12a3810 code [0x00007f82e12a39c0, 0x00007f82e12a3af0]
Event: 1.314 Thread 0x00007f82ac0ad800 nmethod 1472 0x00007f82e12a3b90 code [0x00007f82e12a3d60, 0x00007f82e12a4060]
Event: 1.314 Thread 0x00007f82f80e4000 nmethod 1474 0x00007f82e12a4190 code [0x00007f82e12a4340, 0x00007f82e12a4510]
Event: 1.314 Thread 0x00007f82ac0ad800 1476       1       com.google.gson.stream.JsonWriter::setSerializeNulls (6 bytes)
Event: 1.314 Thread 0x00007f82ac0ad800 nmethod 1476 0x00007f82e846e690 code [0x00007f82e846e840, 0x00007f82e846e910]
Event: 2.491 Thread 0x00007f82a80c2800 1477       3       com.google.gson.stream.JsonWriter::push (58 bytes)
Event: 2.492 Thread 0x00007f82ac0af800 1478       3       com.google.gson.stream.JsonWriter::open (19 bytes)
Event: 2.492 Thread 0x00007f82f80e4000 1479       3       java.lang.Integer::toString (55 bytes)
Event: 2.492 Thread 0x00007f82ac0ad800 1480       3       com.google.gson.stream.JsonWriter::close (95 bytes)
Event: 2.492 Thread 0x00007f82a80c2800 nmethod 1477 0x00007f82e12a4610 code [0x00007f82e12a47e0, 0x00007f82e12a4b40]
Event: 2.492 Thread 0x00007f82ac0af800 nmethod 1478 0x00007f82e12a4c90 code [0x00007f82e12a4e60, 0x00007f82e12a50e0]
Event: 2.492 Thread 0x00007f82a80c2800 1481       3       java.lang.Integer::toString (8 bytes)
Event: 2.492 Thread 0x00007f82f80e4000 nmethod 1479 0x00007f82e12a5210 code [0x00007f82e12a5400, 0x00007f82e12a5790]
Event: 2.492 Thread 0x00007f82a80c2800 nmethod 1481 0x00007f82e12a5910 code [0x00007f82e12a5ac0, 0x00007f82e12a5c00]
Event: 2.492 Thread 0x00007f82ac0ad800 nmethod 1480 0x00007f82e12a5c90 code [0x00007f82e12a5f60, 0x00007f82e12a6b70]
Event: 2.691 Thread 0x00007f82ac0af800 1482       3       java.util.HashMap::putVal (300 bytes)
Event: 2.692 Thread 0x00007f82ac0af800 nmethod 1482 0x00007f82e12a7010 code [0x00007f82e12a72e0, 0x00007f82e12a84f0]

GC Heap History (0 events):
No events

Deoptimization events (20 events):
Event: 0.332 Thread 0x00007f828c0b5000 DEOPT PACKING pc=0x00007f82e10985c2 sp=0x00007f82d14531a0
Event: 0.332 Thread 0x00007f828c0b5000 DEOPT UNPACKING pc=0x00007f82e089e0ca sp=0x00007f82d1452628 mode 0
Event: 0.347 Thread 0x00007f828c0b5000 DEOPT PACKING pc=0x00007f82e0fd4ccf sp=0x00007f82d1452940
Event: 0.347 Thread 0x00007f828c0b5000 DEOPT UNPACKING pc=0x00007f82e089e0ca sp=0x00007f82d1451de8 mode 0
Event: 0.368 Thread 0x00007f828c0b5000 Uncommon trap: trap_request=0xffffffc6 fr.pc=0x00007f82e8467ee8 relative=0x0000000000000388
Event: 0.368 Thread 0x00007f828c0b5000 Uncommon trap: reason=bimorphic_or_optimized_type_check action=maybe_recompile pc=0x00007f82e8467ee8 method=java.util.HashMap.getNode(ILjava/lang/Object;)Ljava/util/HashMap$Node; @ 126 c2
Event: 0.368 Thread 0x00007f828c0b5000 DEOPT PACKING pc=0x00007f82e8467ee8 sp=0x00007f82d1453790
Event: 0.368 Thread 0x00007f828c0b5000 DEOPT UNPACKING pc=0x00007f82e089d925 sp=0x00007f82d1453728 mode 2
Event: 0.368 Thread 0x00007f828c0b5000 Uncommon trap: trap_request=0xffffffc6 fr.pc=0x00007f82e8467ee8 relative=0x0000000000000388
Event: 0.368 Thread 0x00007f828c0b5000 Uncommon trap: reason=bimorphic_or_optimized_type_check action=maybe_recompile pc=0x00007f82e8467ee8 method=java.util.HashMap.getNode(ILjava/lang/Object;)Ljava/util/HashMap$Node; @ 126 c2
Event: 0.368 Thread 0x00007f828c0b5000 DEOPT PACKING pc=0x00007f82e8467ee8 sp=0x00007f82d1453790
Event: 0.368 Thread 0x00007f828c0b5000 DEOPT UNPACKING pc=0x00007f82e089d925 sp=0x00007f82d1453728 mode 2
Event: 0.368 Thread 0x00007f828c0b5000 Uncommon trap: trap_request=0xffffff4d fr.pc=0x00007f82e8459498 relative=0x0000000000000378
Event: 0.368 Thread 0x00007f828c0b5000 Uncommon trap: reason=unstable_if action=reinterpret pc=0x00007f82e8459498 method=java.util.HashMap.putVal(ILjava/lang/Object;Ljava/lang/Object;ZZ)Ljava/lang/Object; @ 162 c2
Event: 0.368 Thread 0x00007f828c0b5000 DEOPT PACKING pc=0x00007f82e8459498 sp=0x00007f82d14537d0
Event: 0.368 Thread 0x00007f828c0b5000 DEOPT UNPACKING pc=0x00007f82e089d925 sp=0x00007f82d1453718 mode 2
Event: 0.368 Thread 0x00007f828c0b5000 Uncommon trap: trap_request=0xffffff4d fr.pc=0x00007f82e845ae34 relative=0x0000000000000314
Event: 0.368 Thread 0x00007f828c0b5000 Uncommon trap: reason=unstable_if action=reinterpret pc=0x00007f82e845ae34 method=java.util.HashMap.putVal(ILjava/lang/Object;Ljava/lang/Object;ZZ)Ljava/lang/Object; @ 162 c2
Event: 0.368 Thread 0x00007f828c0b5000 DEOPT PACKING pc=0x00007f82e845ae34 sp=0x00007f82d1453740
Event: 0.369 Thread 0x00007f828c0b5000 DEOPT UNPACKING pc=0x00007f82e089d925 sp=0x00007f82d1453710 mode 2

Classes redefined (0 events):
No events

Internal exceptions (10 events):
Event: 0.133 Thread 0x00007f82f8016000 Exception <a 'java/lang/NoSuchMethodError'{0x00000000ff684e00}: 'void java.lang.invoke.DirectMethodHandle$Holder.invokeSpecial(java.lang.Object, java.lang.Object, java.lang.Object, java.lang.Object)'> (0x00000000ff684e00) thrown at [src/hotspot/share/interpreter/linkResolver.cpp, line 772]
Event: 0.182 Thread 0x00007f82f8214000 Exception <a 'sun/nio/fs/UnixException'{0x00000000ff3fec28}> (0x00000000ff3fec28) thrown at [src/hotspot/share/prims/jni.cpp, line 615]
Event: 0.186 Thread 0x00007f82f8214000 Exception <a 'sun/nio/fs/UnixException'{0x00000000ff20ff10}> (0x00000000ff20ff10) thrown at [src/hotspot/share/prims/jni.cpp, line 615]
Event: 0.249 Thread 0x00007f82f8214000 Exception <a 'java/lang/ClassNotFoundException'{0x00000000ff011480}: sun/util/logging/resources/spi/loggingProvider> (0x00000000ff011480) thrown at [src/hotspot/share/classfile/systemDictionary.cpp, line 231]
Event: 0.257 Thread 0x00007f82f8214000 Exception <a 'java/lang/NoSuchMethodError'{0x00000000ff04a050}: 'int java.lang.invoke.DirectMethodHandle$Holder.invokeSpecialIFC(java.lang.Object, java.lang.Object, int)'> (0x00000000ff04a050) thrown at [src/hotspot/share/interpreter/linkResolver.cpp, line 772]
Event: 0.293 Thread 0x00007f82f8214000 Exception <a 'sun/nio/fs/UnixException'{0x00000000fef58150}> (0x00000000fef58150) thrown at [src/hotspot/share/prims/jni.cpp, line 615]
Event: 0.293 Thread 0x00007f82f8214000 Exception <a 'sun/nio/fs/UnixException'{0x00000000fef5ad78}> (0x00000000fef5ad78) thrown at [src/hotspot/share/prims/jni.cpp, line 615]
Event: 0.297 Thread 0x00007f82f8214000 Exception <a 'java/lang/NoSuchMethodError'{0x00000000fef96160}: 'java.lang.Object java.lang.invoke.Invokers$Holder.linkToTargetMethod(java.lang.Object, int, java.lang.Object)'> (0x00000000fef96160) thrown at [src/hotspot/share/interpreter/linkResolver.cpp, line 772]
Event: 0.301 Thread 0x00007f828c0b5000 Exception <a 'java/lang/NoSuchMethodError'{0x00000000fee1f5a8}: 'int java.lang.invoke.DirectMethodHandle$Holder.invokeStaticInit(java.lang.Object, java.lang.Object)'> (0x00000000fee1f5a8) thrown at [src/hotspot/share/interpreter/linkResolver.cpp, line 772]
Event: 0.328 Thread 0x00007f828c0b5000 Implicit null exception at 0x00007f82e8457425 to 0x00007f82e845783c

Events (20 events):
Event: 1.003 loading class org/eclipse/lemminx/extensions/contentmodel/model/GrammarCacheInfo
Event: 1.003 loading class org/eclipse/lemminx/extensions/contentmodel/model/GrammarCacheInfo done
Event: 1.004 loading class org/eclipse/lemminx/extensions/contentmodel/model/ReferencedGrammarInfo
Event: 1.004 loading class org/eclipse/lemminx/extensions/contentmodel/model/ReferencedGrammarInfo done
Event: 1.004 loading class org/eclipse/lemminx/xpath/matcher/IXPathNodeMatcher$MatcherType
Event: 1.004 loading class org/eclipse/lemminx/xpath/matcher/IXPathNodeMatcher$MatcherType done
Event: 1.005 loading class org/eclipse/lemminx/dom/DOMNode
Event: 1.005 loading class org/eclipse/lemminx/dom/DOMNode done
Event: 1.005 loading class org/eclipse/lemminx/services/XMLSymbolsProvider
Event: 1.005 loading class org/eclipse/lemminx/services/XMLSymbolsProvider done
Event: 1.006 loading class org/eclipse/lemminx/services/DocumentSymbolsResult
Event: 1.006 loading class org/eclipse/lemminx/services/DocumentSymbolsResult done
Event: 1.007 loading class org/eclipse/lemminx/services/XMLSymbolsProvider
Event: 1.007 loading class org/eclipse/lemminx/services/XMLSymbolsProvider done
Event: 1.008 loading class org/eclipse/lsp4j/DocumentSymbol
Event: 1.008 loading class org/eclipse/lsp4j/DocumentSymbol done
Event: 1.008 loading class org/eclipse/lsp4j/DocumentSymbol
Event: 1.008 loading class org/eclipse/lsp4j/DocumentSymbol done
Event: 7.691 Thread 0x00007f82a80c2800 Thread exited: 0x00007f82a80c2800
Event: 7.692 Thread 0x00007f82ac0af800 Thread exited: 0x00007f82ac0af800


Dynamic libraries:
fc000000-ff800000 rw-p 00000000 00:00 0 
ff800000-ff847000 rw-p 01111000 08:12 5255587                            /usr/lib/jvm/java-11-openjdk-amd64/lib/server/classes.jsa
ff847000-ffc00000 rw-p 00000000 00:00 0 
ffc00000-ffc6b000 rw-p 010a6000 08:12 5255587                            /usr/lib/jvm/java-11-openjdk-amd64/lib/server/classes.jsa
ffc6b000-100000000 rw-p 00000000 00:00 0 
800000000-800002000 rwxp 00001000 08:12 5255587                          /usr/lib/jvm/java-11-openjdk-amd64/lib/server/classes.jsa
800002000-8003b9000 rw-p 00003000 08:12 5255587                          /usr/lib/jvm/java-11-openjdk-amd64/lib/server/classes.jsa
8003b9000-800a96000 r--p 003ba000 08:12 5255587                          /usr/lib/jvm/java-11-openjdk-amd64/lib/server/classes.jsa
800a96000-800a97000 rw-p 00a97000 08:12 5255587                          /usr/lib/jvm/java-11-openjdk-amd64/lib/server/classes.jsa
800a97000-8010a5000 r--p 00a98000 08:12 5255587                          /usr/lib/jvm/java-11-openjdk-amd64/lib/server/classes.jsa
840000000-840120000 rw-p 00000000 00:00 0 
840120000-880000000 ---p 00000000 00:00 0 
5560a9ef2000-5560a9ef3000 r--p 00000000 08:12 4602005                    /usr/lib/jvm/java-11-openjdk-amd64/bin/java
5560a9ef3000-5560a9ef4000 r-xp 00001000 08:12 4602005                    /usr/lib/jvm/java-11-openjdk-amd64/bin/java
5560a9ef4000-5560a9ef5000 r--p 00002000 08:12 4602005                    /usr/lib/jvm/java-11-openjdk-amd64/bin/java
5560a9ef5000-5560a9ef6000 r--p 00002000 08:12 4602005                    /usr/lib/jvm/java-11-openjdk-amd64/bin/java
5560a9ef6000-5560a9ef7000 rw-p 00003000 08:12 4602005                    /usr/lib/jvm/java-11-openjdk-amd64/bin/java
5560aa9ad000-5560aa9ce000 rw-p 00000000 00:00 0                          [heap]
7f827c000000-7f827c0a0000 rw-p 00000000 00:00 0 
7f827c0a0000-7f8280000000 ---p 00000000 00:00 0 
7f8280000000-7f8280021000 rw-p 00000000 00:00 0 
7f8280021000-7f8284000000 ---p 00000000 00:00 0 
7f8284000000-7f82841f1000 rw-p 00000000 00:00 0 
7f82841f1000-7f8288000000 ---p 00000000 00:00 0 
7f8288000000-7f8288047000 rw-p 00000000 00:00 0 
7f8288047000-7f828c000000 ---p 00000000 00:00 0 
7f828c000000-7f828c0bb000 rw-p 00000000 00:00 0 
7f828c0bb000-7f8290000000 ---p 00000000 00:00 0 
7f8290000000-7f829004d000 rw-p 00000000 00:00 0 
7f829004d000-7f8294000000 ---p 00000000 00:00 0 
7f8294000000-7f8294021000 rw-p 00000000 00:00 0 
7f8294021000-7f8298000000 ---p 00000000 00:00 0 
7f8298000000-7f8298021000 rw-p 00000000 00:00 0 
7f8298021000-7f829c000000 ---p 00000000 00:00 0 
7f829c000000-7f829c0ca000 rw-p 00000000 00:00 0 
7f829c0ca000-7f82a0000000 ---p 00000000 00:00 0 
7f82a0000000-7f82a0021000 rw-p 00000000 00:00 0 
7f82a0021000-7f82a4000000 ---p 00000000 00:00 0 
7f82a4000000-7f82a4021000 rw-p 00000000 00:00 0 
7f82a4021000-7f82a8000000 ---p 00000000 00:00 0 
7f82a8000000-7f82a8102000 rw-p 00000000 00:00 0 
7f82a8102000-7f82ac000000 ---p 00000000 00:00 0 
7f82ac000000-7f82ac2cf000 rw-p 00000000 00:00 0 
7f82ac2cf000-7f82b0000000 ---p 00000000 00:00 0 
7f82b0000000-7f82b012b000 rw-p 00000000 00:00 0 
7f82b012b000-7f82b4000000 ---p 00000000 00:00 0 
7f82b4000000-7f82b4021000 rw-p 00000000 00:00 0 
7f82b4021000-7f82b8000000 ---p 00000000 00:00 0 
7f82b8000000-7f82b8021000 rw-p 00000000 00:00 0 
7f82b8021000-7f82bc000000 ---p 00000000 00:00 0 
7f82bc000000-7f82bc021000 rw-p 00000000 00:00 0 
7f82bc021000-7f82c0000000 ---p 00000000 00:00 0 
7f82c0000000-7f82c0021000 rw-p 00000000 00:00 0 
7f82c0021000-7f82c4000000 ---p 00000000 00:00 0 
7f82c4000000-7f82c4021000 rw-p 00000000 00:00 0 
7f82c4021000-7f82c8000000 ---p 00000000 00:00 0 
7f82c8000000-7f82c8021000 rw-p 00000000 00:00 0 
7f82c8021000-7f82cc000000 ---p 00000000 00:00 0 
7f82cc000000-7f82cc021000 rw-p 00000000 00:00 0 
7f82cc021000-7f82d0000000 ---p 00000000 00:00 0 
7f82d1254000-7f82d1258000 ---p 00000000 00:00 0 
7f82d1258000-7f82d1355000 rw-p 00000000 00:00 0 
7f82d1355000-7f82d1359000 ---p 00000000 00:00 0 
7f82d1359000-7f82d1456000 rw-p 00000000 00:00 0 
7f82d1456000-7f82d145a000 ---p 00000000 00:00 0 
7f82d145a000-7f82d1557000 rw-p 00000000 00:00 0 
7f82d1557000-7f82d155b000 ---p 00000000 00:00 0 
7f82d155b000-7f82d1658000 rw-p 00000000 00:00 0 
7f82d1658000-7f82d165c000 ---p 00000000 00:00 0 
7f82d165c000-7f82d1759000 rw-p 00000000 00:00 0 
7f82d1759000-7f82d175d000 ---p 00000000 00:00 0 
7f82d175d000-7f82d185a000 rw-p 00000000 00:00 0 
7f82d185a000-7f82d185e000 ---p 00000000 00:00 0 
7f82d185e000-7f82d198c000 rw-p 00000000 00:00 0 
7f82d198c000-7f82d1990000 ---p 00000000 00:00 0 
7f82d1990000-7f82d1a8d000 rw-p 00000000 00:00 0 
7f82d1a8d000-7f82d1a8e000 ---p 00000000 00:00 0 
7f82d1a8e000-7f82d1b8f000 rw-p 00000000 00:00 0 
7f82d1b8f000-7f82d1b93000 ---p 00000000 00:00 0 
7f82d1b93000-7f82d1c90000 rw-p 00000000 00:00 0 
7f82d1c90000-7f82d1c94000 ---p 00000000 00:00 0 
7f82d1c94000-7f82d1d91000 rw-p 00000000 00:00 0 
7f82d1d91000-7f82d1d95000 ---p 00000000 00:00 0 
7f82d1d95000-7f82d1e92000 rw-p 00000000 00:00 0 
7f82d1e92000-7f82d1e96000 ---p 00000000 00:00 0 
7f82d1e96000-7f82d1f93000 rw-p 00000000 00:00 0 
7f82d1f93000-7f82d1f97000 ---p 00000000 00:00 0 
7f82d1f97000-7f82d2094000 rw-p 00000000 00:00 0 
7f82d2094000-7f82d2098000 ---p 00000000 00:00 0 
7f82d2098000-7f82d2195000 rw-p 00000000 00:00 0 
7f82d2195000-7f82d2199000 ---p 00000000 00:00 0 
7f82d2199000-7f82d2296000 rw-p 00000000 00:00 0 
7f82d2296000-7f82d3075000 r--p 00000000 08:12 4463239                    /usr/lib/locale/locale-archive
7f82d3075000-7f82d3079000 ---p 00000000 00:00 0 
7f82d3079000-7f82d3176000 rw-p 00000000 00:00 0 
7f82d3176000-7f82d317a000 ---p 00000000 00:00 0 
7f82d317a000-7f82d3277000 rw-p 00000000 00:00 0 
7f82d3277000-7f82d3278000 ---p 00000000 00:00 0 
7f82d3278000-7f82d3bfa000 rw-p 00000000 00:00 0 
7f82d3bfa000-7f82d3bfb000 ---p 00000000 00:00 0 
7f82d3bfb000-7f82d3cfc000 rw-p 00000000 00:00 0 
7f82d3cfc000-7f82d3cfd000 ---p 00000000 00:00 0 
7f82d3cfd000-7f82d4000000 rw-p 00000000 00:00 0 
7f82d4000000-7f82d4021000 rw-p 00000000 00:00 0 
7f82d4021000-7f82d8000000 ---p 00000000 00:00 0 
7f82d8000000-7f82d8021000 rw-p 00000000 00:00 0 
7f82d8021000-7f82dc000000 ---p 00000000 00:00 0 
7f82dc000000-7f82dc021000 rw-p 00000000 00:00 0 
7f82dc021000-7f82e0000000 ---p 00000000 00:00 0 
7f82e0015000-7f82e0878000 rw-p 00000000 00:00 0 
7f82e0878000-7f82e0b48000 rwxp 00000000 00:00 0 
7f82e0b48000-7f82e0fb7000 ---p 00000000 00:00 0 
7f82e0fb7000-7f82e12b7000 rwxp 00000000 00:00 0 
7f82e12b7000-7f82e8417000 ---p 00000000 00:00 0 
7f82e8417000-7f82e8687000 rwxp 00000000 00:00 0 
7f82e8687000-7f82ef878000 ---p 00000000 00:00 0 
7f82ef878000-7f82f8000000 r--s 00000000 08:12 4727809                    /usr/lib/jvm/java-11-openjdk-amd64/lib/modules
7f82f8000000-7f82f8218000 rw-p 00000000 00:00 0 
7f82f8218000-7f82fc000000 ---p 00000000 00:00 0 
7f82fc00a000-7f82fc00e000 r--p 00000000 08:12 4727799                    /usr/lib/jvm/java-11-openjdk-amd64/lib/libnet.so
7f82fc00e000-7f82fc01d000 r-xp 00004000 08:12 4727799                    /usr/lib/jvm/java-11-openjdk-amd64/lib/libnet.so
7f82fc01d000-7f82fc021000 r--p 00013000 08:12 4727799                    /usr/lib/jvm/java-11-openjdk-amd64/lib/libnet.so
7f82fc021000-7f82fc022000 r--p 00016000 08:12 4727799                    /usr/lib/jvm/java-11-openjdk-amd64/lib/libnet.so
7f82fc022000-7f82fc023000 rw-p 00017000 08:12 4727799                    /usr/lib/jvm/java-11-openjdk-amd64/lib/libnet.so
7f82fc023000-7f82fc02a000 r--p 00000000 08:12 4727800                    /usr/lib/jvm/java-11-openjdk-amd64/lib/libnio.so
7f82fc02a000-7f82fc032000 r-xp 00007000 08:12 4727800                    /usr/lib/jvm/java-11-openjdk-amd64/lib/libnio.so
7f82fc032000-7f82fc035000 r--p 0000f000 08:12 4727800                    /usr/lib/jvm/java-11-openjdk-amd64/lib/libnio.so
7f82fc035000-7f82fc036000 r--p 00011000 08:12 4727800                    /usr/lib/jvm/java-11-openjdk-amd64/lib/libnio.so
7f82fc036000-7f82fc037000 rw-p 00012000 08:12 4727800                    /usr/lib/jvm/java-11-openjdk-amd64/lib/libnio.so
7f82fc037000-7f82fe3a4000 rw-p 00000000 00:00 0 
7f82fe3a4000-7f82fe3a5000 ---p 00000000 00:00 0 
7f82fe3a5000-7f82fe4a6000 rw-p 00000000 00:00 0 
7f82fe4a6000-7f82fe4a7000 ---p 00000000 00:00 0 
7f82fe4a7000-7f82fe7cf000 rw-p 00000000 00:00 0 
7f82fe7cf000-7f82ff51c000 rw-p 00000000 00:00 0 
7f82ff51c000-7f82ff51d000 ---p 00000000 00:00 0 
7f82ff51d000-7f82ff623000 rw-p 00000000 00:00 0 
7f82ff623000-7f82ff707000 ---p 00000000 00:00 0 
7f82ff707000-7f82ff70d000 rw-p 00000000 00:00 0 
7f82ff70d000-7f82ff7f0000 ---p 00000000 00:00 0 
7f82ff7f0000-7f82ff7f6000 rw-p 00000000 00:00 0 
7f82ff7f6000-7f82ff7ff000 ---p 00000000 00:00 0 
7f82ff7ff000-7f82ff802000 r--p 00000000 08:12 4465170                    /usr/lib/x86_64-linux-gnu/libnss_files-2.31.so
7f82ff802000-7f82ff809000 r-xp 00003000 08:12 4465170                    /usr/lib/x86_64-linux-gnu/libnss_files-2.31.so
7f82ff809000-7f82ff80b000 r--p 0000a000 08:12 4465170                    /usr/lib/x86_64-linux-gnu/libnss_files-2.31.so
7f82ff80b000-7f82ff80c000 r--p 0000b000 08:12 4465170                    /usr/lib/x86_64-linux-gnu/libnss_files-2.31.so
7f82ff80c000-7f82ff80d000 rw-p 0000c000 08:12 4465170                    /usr/lib/x86_64-linux-gnu/libnss_files-2.31.so
7f82ff80d000-7f82ff813000 rw-p 00000000 00:00 0 
7f82ff818000-7f82ff81a000 r--p 00000000 08:12 4727808                    /usr/lib/jvm/java-11-openjdk-amd64/lib/libzip.so
7f82ff81a000-7f82ff81e000 r-xp 00002000 08:12 4727808                    /usr/lib/jvm/java-11-openjdk-amd64/lib/libzip.so
7f82ff81e000-7f82ff820000 r--p 00006000 08:12 4727808                    /usr/lib/jvm/java-11-openjdk-amd64/lib/libzip.so
7f82ff820000-7f82ff821000 r--p 00007000 08:12 4727808                    /usr/lib/jvm/java-11-openjdk-amd64/lib/libzip.so
7f82ff821000-7f82ff822000 rw-p 00008000 08:12 4727808                    /usr/lib/jvm/java-11-openjdk-amd64/lib/libzip.so
7f82ff822000-7f82ff82a000 rw-s 00000000 08:12 5515516                    /tmp/hsperfdata_vinex22/77363
7f82ff82a000-7f82ff82c000 r--p 00000000 08:12 4727791                    /usr/lib/jvm/java-11-openjdk-amd64/lib/libjimage.so
7f82ff82c000-7f82ff82f000 r-xp 00002000 08:12 4727791                    /usr/lib/jvm/java-11-openjdk-amd64/lib/libjimage.so
7f82ff82f000-7f82ff830000 r--p 00005000 08:12 4727791                    /usr/lib/jvm/java-11-openjdk-amd64/lib/libjimage.so
7f82ff830000-7f82ff831000 ---p 00006000 08:12 4727791                    /usr/lib/jvm/java-11-openjdk-amd64/lib/libjimage.so
7f82ff831000-7f82ff832000 r--p 00006000 08:12 4727791                    /usr/lib/jvm/java-11-openjdk-amd64/lib/libjimage.so
7f82ff832000-7f82ff833000 rw-p 00007000 08:12 4727791                    /usr/lib/jvm/java-11-openjdk-amd64/lib/libjimage.so
7f82ff833000-7f82ff841000 r--p 00000000 08:12 4727788                    /usr/lib/jvm/java-11-openjdk-amd64/lib/libjava.so
7f82ff841000-7f82ff857000 r-xp 0000e000 08:12 4727788                    /usr/lib/jvm/java-11-openjdk-amd64/lib/libjava.so
7f82ff857000-7f82ff85e000 r--p 00024000 08:12 4727788                    /usr/lib/jvm/java-11-openjdk-amd64/lib/libjava.so
7f82ff85e000-7f82ff85f000 r--p 0002a000 08:12 4727788                    /usr/lib/jvm/java-11-openjdk-amd64/lib/libjava.so
7f82ff85f000-7f82ff860000 rw-p 0002b000 08:12 4727788                    /usr/lib/jvm/java-11-openjdk-amd64/lib/libjava.so
7f82ff860000-7f82ff861000 rw-p 00000000 00:00 0 
7f82ff861000-7f82ff864000 r--p 00000000 08:12 4465372                    /usr/lib/x86_64-linux-gnu/librt-2.31.so
7f82ff864000-7f82ff868000 r-xp 00003000 08:12 4465372                    /usr/lib/x86_64-linux-gnu/librt-2.31.so
7f82ff868000-7f82ff869000 r--p 00007000 08:12 4465372                    /usr/lib/x86_64-linux-gnu/librt-2.31.so
7f82ff869000-7f82ff86a000 ---p 00008000 08:12 4465372                    /usr/lib/x86_64-linux-gnu/librt-2.31.so
7f82ff86a000-7f82ff86b000 r--p 00008000 08:12 4465372                    /usr/lib/x86_64-linux-gnu/librt-2.31.so
7f82ff86b000-7f82ff86c000 rw-p 00009000 08:12 4465372                    /usr/lib/x86_64-linux-gnu/librt-2.31.so
7f82ff86c000-7f82ff870000 ---p 00000000 00:00 0 
7f82ff870000-7f82ff96d000 rw-p 00000000 00:00 0 
7f82ff96d000-7f82ff970000 r--p 00000000 08:12 4464691                    /usr/lib/x86_64-linux-gnu/libgcc_s.so.1
7f82ff970000-7f82ff982000 r-xp 00003000 08:12 4464691                    /usr/lib/x86_64-linux-gnu/libgcc_s.so.1
7f82ff982000-7f82ff986000 r--p 00015000 08:12 4464691                    /usr/lib/x86_64-linux-gnu/libgcc_s.so.1
7f82ff986000-7f82ff987000 r--p 00018000 08:12 4464691                    /usr/lib/x86_64-linux-gnu/libgcc_s.so.1
7f82ff987000-7f82ff988000 rw-p 00019000 08:12 4464691                    /usr/lib/x86_64-linux-gnu/libgcc_s.so.1
7f82ff988000-7f82ff997000 r--p 00000000 08:12 4465046                    /usr/lib/x86_64-linux-gnu/libm-2.31.so
7f82ff997000-7f82ffa3e000 r-xp 0000f000 08:12 4465046                    /usr/lib/x86_64-linux-gnu/libm-2.31.so
7f82ffa3e000-7f82ffad5000 r--p 000b6000 08:12 4465046                    /usr/lib/x86_64-linux-gnu/libm-2.31.so
7f82ffad5000-7f82ffad6000 r--p 0014c000 08:12 4465046                    /usr/lib/x86_64-linux-gnu/libm-2.31.so
7f82ffad6000-7f82ffad7000 rw-p 0014d000 08:12 4465046                    /usr/lib/x86_64-linux-gnu/libm-2.31.so
7f82ffad7000-7f82ffb6d000 r--p 00000000 08:12 4465474                    /usr/lib/x86_64-linux-gnu/libstdc++.so.6.0.28
7f82ffb6d000-7f82ffc5d000 r-xp 00096000 08:12 4465474                    /usr/lib/x86_64-linux-gnu/libstdc++.so.6.0.28
7f82ffc5d000-7f82ffca6000 r--p 00186000 08:12 4465474                    /usr/lib/x86_64-linux-gnu/libstdc++.so.6.0.28
7f82ffca6000-7f82ffca7000 ---p 001cf000 08:12 4465474                    /usr/lib/x86_64-linux-gnu/libstdc++.so.6.0.28
7f82ffca7000-7f82ffcb2000 r--p 001cf000 08:12 4465474                    /usr/lib/x86_64-linux-gnu/libstdc++.so.6.0.28
7f82ffcb2000-7f82ffcb5000 rw-p 001da000 08:12 4465474                    /usr/lib/x86_64-linux-gnu/libstdc++.so.6.0.28
7f82ffcb5000-7f82ffcb8000 rw-p 00000000 00:00 0 
7f82ffcb8000-7f82fff32000 r--p 00000000 08:12 5255575                    /usr/lib/jvm/java-11-openjdk-amd64/lib/server/libjvm.so
7f82fff32000-7f8300bb7000 r-xp 0027a000 08:12 5255575                    /usr/lib/jvm/java-11-openjdk-amd64/lib/server/libjvm.so
7f8300bb7000-7f8300e0e000 r--p 00eff000 08:12 5255575                    /usr/lib/jvm/java-11-openjdk-amd64/lib/server/libjvm.so
7f8300e0e000-7f8300ecf000 r--p 01155000 08:12 5255575                    /usr/lib/jvm/java-11-openjdk-amd64/lib/server/libjvm.so
7f8300ecf000-7f8300f0a000 rw-p 01216000 08:12 5255575                    /usr/lib/jvm/java-11-openjdk-amd64/lib/server/libjvm.so
7f8300f0a000-7f8300f63000 rw-p 00000000 00:00 0 
7f8300f63000-7f8300f6a000 r--p 00000000 08:12 4465311                    /usr/lib/x86_64-linux-gnu/libpthread-2.31.so
7f8300f6a000-7f8300f7b000 r-xp 00007000 08:12 4465311                    /usr/lib/x86_64-linux-gnu/libpthread-2.31.so
7f8300f7b000-7f8300f80000 r--p 00018000 08:12 4465311                    /usr/lib/x86_64-linux-gnu/libpthread-2.31.so
7f8300f80000-7f8300f81000 r--p 0001c000 08:12 4465311                    /usr/lib/x86_64-linux-gnu/libpthread-2.31.so
7f8300f81000-7f8300f82000 rw-p 0001d000 08:12 4465311                    /usr/lib/x86_64-linux-gnu/libpthread-2.31.so
7f8300f82000-7f8300f86000 rw-p 00000000 00:00 0 
7f8300f86000-7f8300f87000 r--p 00000000 08:12 4464539                    /usr/lib/x86_64-linux-gnu/libdl-2.31.so
7f8300f87000-7f8300f89000 r-xp 00001000 08:12 4464539                    /usr/lib/x86_64-linux-gnu/libdl-2.31.so
7f8300f89000-7f8300f8a000 r--p 00003000 08:12 4464539                    /usr/lib/x86_64-linux-gnu/libdl-2.31.so
7f8300f8a000-7f8300f8b000 r--p 00003000 08:12 4464539                    /usr/lib/x86_64-linux-gnu/libdl-2.31.so
7f8300f8b000-7f8300f8c000 rw-p 00004000 08:12 4464539                    /usr/lib/x86_64-linux-gnu/libdl-2.31.so
7f8300f8c000-7f8300f8e000 r--p 00000000 08:12 4465736                    /usr/lib/x86_64-linux-gnu/libz.so.1.2.11
7f8300f8e000-7f8300f9f000 r-xp 00002000 08:12 4465736                    /usr/lib/x86_64-linux-gnu/libz.so.1.2.11
7f8300f9f000-7f8300fa5000 r--p 00013000 08:12 4465736                    /usr/lib/x86_64-linux-gnu/libz.so.1.2.11
7f8300fa5000-7f8300fa6000 ---p 00019000 08:12 4465736                    /usr/lib/x86_64-linux-gnu/libz.so.1.2.11
7f8300fa6000-7f8300fa7000 r--p 00019000 08:12 4465736                    /usr/lib/x86_64-linux-gnu/libz.so.1.2.11
7f8300fa7000-7f8300fa8000 rw-p 0001a000 08:12 4465736                    /usr/lib/x86_64-linux-gnu/libz.so.1.2.11
7f8300fa8000-7f8300fcd000 r--p 00000000 08:12 4464404                    /usr/lib/x86_64-linux-gnu/libc-2.31.so
7f8300fcd000-7f8301145000 r-xp 00025000 08:12 4464404                    /usr/lib/x86_64-linux-gnu/libc-2.31.so
7f8301145000-7f830118f000 r--p 0019d000 08:12 4464404                    /usr/lib/x86_64-linux-gnu/libc-2.31.so
7f830118f000-7f8301190000 ---p 001e7000 08:12 4464404                    /usr/lib/x86_64-linux-gnu/libc-2.31.so
7f8301190000-7f8301193000 r--p 001e7000 08:12 4464404                    /usr/lib/x86_64-linux-gnu/libc-2.31.so
7f8301193000-7f8301196000 rw-p 001ea000 08:12 4464404                    /usr/lib/x86_64-linux-gnu/libc-2.31.so
7f8301196000-7f830119a000 rw-p 00000000 00:00 0 
7f830119b000-7f830119d000 r--s 0000c000 08:12 5248958                    /usr/share/java/java-atk-wrapper.jar
7f830119d000-7f830119e000 ---p 00000000 00:00 0 
7f830119e000-7f830119f000 r--p 00000000 00:00 0 
7f830119f000-7f83011a4000 r--p 00000000 08:12 4727807                    /usr/lib/jvm/java-11-openjdk-amd64/lib/libverify.so
7f83011a4000-7f83011ab000 r-xp 00005000 08:12 4727807                    /usr/lib/jvm/java-11-openjdk-amd64/lib/libverify.so
7f83011ab000-7f83011ad000 r--p 0000c000 08:12 4727807                    /usr/lib/jvm/java-11-openjdk-amd64/lib/libverify.so
7f83011ad000-7f83011ae000 ---p 0000e000 08:12 4727807                    /usr/lib/jvm/java-11-openjdk-amd64/lib/libverify.so
7f83011ae000-7f83011b0000 r--p 0000e000 08:12 4727807                    /usr/lib/jvm/java-11-openjdk-amd64/lib/libverify.so
7f83011b0000-7f83011b1000 rw-p 00010000 08:12 4727807                    /usr/lib/jvm/java-11-openjdk-amd64/lib/libverify.so
7f83011b1000-7f83011b4000 r--p 00000000 08:12 4994373                    /usr/lib/jvm/java-11-openjdk-amd64/lib/jli/libjli.so
7f83011b4000-7f83011be000 r-xp 00003000 08:12 4994373                    /usr/lib/jvm/java-11-openjdk-amd64/lib/jli/libjli.so
7f83011be000-7f83011c1000 r--p 0000d000 08:12 4994373                    /usr/lib/jvm/java-11-openjdk-amd64/lib/jli/libjli.so
7f83011c1000-7f83011c2000 ---p 00010000 08:12 4994373                    /usr/lib/jvm/java-11-openjdk-amd64/lib/jli/libjli.so
7f83011c2000-7f83011c3000 r--p 00010000 08:12 4994373                    /usr/lib/jvm/java-11-openjdk-amd64/lib/jli/libjli.so
7f83011c3000-7f83011c4000 rw-p 00011000 08:12 4994373                    /usr/lib/jvm/java-11-openjdk-amd64/lib/jli/libjli.so
7f83011c4000-7f83011c6000 rw-p 00000000 00:00 0 
7f83011c6000-7f83011c7000 r--p 00000000 08:12 4464188                    /usr/lib/x86_64-linux-gnu/ld-2.31.so
7f83011c7000-7f83011ea000 r-xp 00001000 08:12 4464188                    /usr/lib/x86_64-linux-gnu/ld-2.31.so
7f83011ea000-7f83011f2000 r--p 00024000 08:12 4464188                    /usr/lib/x86_64-linux-gnu/ld-2.31.so
7f83011f3000-7f83011f4000 r--p 0002c000 08:12 4464188                    /usr/lib/x86_64-linux-gnu/ld-2.31.so
7f83011f4000-7f83011f5000 rw-p 0002d000 08:12 4464188                    /usr/lib/x86_64-linux-gnu/ld-2.31.so
7f83011f5000-7f83011f6000 rw-p 00000000 00:00 0 
7ffc28517000-7ffc28538000 rw-p 00000000 00:00 0                          [stack]
7ffc28582000-7ffc28586000 r--p 00000000 00:00 0                          [vvar]
7ffc28586000-7ffc28588000 r-xp 00000000 00:00 0                          [vdso]
ffffffffff600000-ffffffffff601000 --xp 00000000 00:00 0                  [vsyscall]


VM Arguments:
jvm_args: -Xverify:none -Xmx64M 
java_command: org.eclipse.lemminx.XMLServerLauncher
java_class_path (initial): /home/vinex22/.vscode-server/extensions/redhat.vscode-xml-0.16.0/server/org.eclipse.lemminx-0.16.0-uber.jar
Launcher Type: SUN_STANDARD

[Global flags]
     bool BytecodeVerificationLocal                = false                                     {product} {command line}
     bool BytecodeVerificationRemote               = false                                     {product} {command line}
     intx CICompilerCount                          = 12                                        {product} {ergonomic}
     uint ConcGCThreads                            = 3                                         {product} {ergonomic}
     uint G1ConcRefinementThreads                  = 13                                        {product} {ergonomic}
   size_t G1HeapRegionSize                         = 1048576                                   {product} {ergonomic}
    uintx GCDrainStackTargetSize                   = 64                                        {product} {ergonomic}
   size_t InitialHeapSize                          = 67108864                                  {product} {ergonomic}
   size_t MarkStackSize                            = 4194304                                   {product} {ergonomic}
   size_t MaxHeapSize                              = 67108864                                  {product} {command line}
   size_t MaxNewSize                               = 39845888                                  {product} {ergonomic}
   size_t MinHeapDeltaBytes                        = 1048576                                   {product} {ergonomic}
    uintx NonNMethodCodeHeapSize                   = 7594288                                {pd product} {ergonomic}
    uintx NonProfiledCodeHeapSize                  = 122031976                              {pd product} {ergonomic}
    uintx ProfiledCodeHeapSize                     = 122031976                              {pd product} {ergonomic}
    uintx ReservedCodeCacheSize                    = 251658240                              {pd product} {ergonomic}
     bool SegmentedCodeCache                       = true                                      {product} {ergonomic}
     bool UseCompressedClassPointers               = true                                 {lp64_product} {ergonomic}
     bool UseCompressedOops                        = true                                 {lp64_product} {ergonomic}
     bool UseG1GC                                  = true                                      {product} {ergonomic}

Logging:
Log output configuration:
 #0: stdout all=warning uptime,level,tags
 #1: stderr all=off uptime,level,tags

Environment Variables:
PATH=/home/vinex22/.vscode-server/bin/054a9295330880ed74ceaedda236253b4f39a335/bin:/home/vinex22/.local/bin:/home/vinex22/.vscode-server/bin/054a9295330880ed74ceaedda236253b4f39a335/bin:/home/vinex22/.local/bin:/usr/local/sbin:/usr/local/bin:/usr/sbin:/usr/bin:/sbin:/bin:/usr/games:/usr/local/games:/snap/bin
SHELL=/bin/bash
LANG=en_US.UTF-8

Signal Handlers:
SIGSEGV: [libjvm.so+0xe8ba00], sa_mask[0]=11111111011111111101111111111110, sa_flags=SA_RESTART|SA_SIGINFO
SIGBUS: [libjvm.so+0xe8ba00], sa_mask[0]=11111111011111111101111111111110, sa_flags=SA_RESTART|SA_SIGINFO
SIGFPE: [libjvm.so+0xe8ba00], sa_mask[0]=11111111011111111101111111111110, sa_flags=SA_RESTART|SA_SIGINFO
SIGPIPE: [libjvm.so+0xbd10f0], sa_mask[0]=11111111011111111101111111111110, sa_flags=SA_RESTART|SA_SIGINFO
SIGXFSZ: [libjvm.so+0xbd10f0], sa_mask[0]=11111111011111111101111111111110, sa_flags=SA_RESTART|SA_SIGINFO
SIGILL: [libjvm.so+0xe8ba00], sa_mask[0]=11111111011111111101111111111110, sa_flags=SA_RESTART|SA_SIGINFO
SIGUSR2: [libjvm.so+0xbd0f90], sa_mask[0]=00000000000000000000000000000000, sa_flags=SA_RESTART|SA_SIGINFO
SIGHUP: [libjvm.so+0xbd1430], sa_mask[0]=11111111011111111101111111111110, sa_flags=SA_RESTART|SA_SIGINFO
SIGINT: [libjvm.so+0xbd1430], sa_mask[0]=11111111011111111101111111111110, sa_flags=SA_RESTART|SA_SIGINFO
SIGTERM: [libjvm.so+0xbd1430], sa_mask[0]=11111111011111111101111111111110, sa_flags=SA_RESTART|SA_SIGINFO
SIGQUIT: [libjvm.so+0xbd1430], sa_mask[0]=11111111011111111101111111111110, sa_flags=SA_RESTART|SA_SIGINFO


---------------  S Y S T E M  ---------------

OS:DISTRIB_ID=Ubuntu
DISTRIB_RELEASE=20.04
DISTRIB_CODENAME=focal
DISTRIB_DESCRIPTION="Ubuntu 20.04.2 LTS"
uname:Linux 5.8.0-53-generic #60~20.04.1-Ubuntu SMP Thu May 6 09:52:46 UTC 2021 x86_64
OS uptime: 1 days 10:18 hours
libc:glibc 2.31 NPTL 2.31 
rlimit (soft/hard): STACK 8192k/infinity , CORE 0k/infinity , NPROC 256651/256651 , NOFILE 1048576/1048576 , AS infinity/infinity , CPU infinity/infinity , DATA infinity/infinity , FSIZE infinity/infinity , MEMLOCK 65536k/65536k
load average:2.51 4.94 2.42

/proc/meminfo:
MemTotal:       65828064 kB
MemFree:        51185984 kB
MemAvailable:   55065220 kB
Buffers:          207016 kB
Cached:          4102456 kB
SwapCached:            0 kB
Active:         10877092 kB
Inactive:        2905040 kB
Active(anon):    9465832 kB
Inactive(anon):     3424 kB
Active(file):    1411260 kB
Inactive(file):  2901616 kB
Unevictable:           0 kB
Mlocked:               0 kB
SwapTotal:       2097148 kB
SwapFree:        2097148 kB
Dirty:               912 kB
Writeback:             0 kB
AnonPages:       9472688 kB
Mapped:           367892 kB
Shmem:              5056 kB
KReclaimable:     290860 kB
Slab:             616040 kB
SReclaimable:     290860 kB
SUnreclaim:       325180 kB
KernelStack:       17872 kB
PageTables:        42232 kB
NFS_Unstable:          0 kB
Bounce:                0 kB
WritebackTmp:          0 kB
CommitLimit:    35011180 kB
Committed_AS:   15139360 kB
VmallocTotal:   34359738367 kB
VmallocUsed:       74624 kB
VmallocChunk:          0 kB
Percpu:            33280 kB
HardwareCorrupted:     0 kB
AnonHugePages:         0 kB
ShmemHugePages:        0 kB
ShmemPmdMapped:        0 kB
FileHugePages:         0 kB
FilePmdMapped:         0 kB
HugePages_Total:       0
HugePages_Free:        0
HugePages_Rsvd:        0
HugePages_Surp:        0
Hugepagesize:       2048 kB
Hugetlb:               0 kB
DirectMap4k:      692440 kB
DirectMap2M:     9693184 kB
DirectMap1G:    57671680 kB

/sys/kernel/mm/transparent_hugepage/enabled:
always [madvise] never
/sys/kernel/mm/transparent_hugepage/defrag (defrag/compaction efforts parameter):
always defer defer+madvise [madvise] never

Process Memory:
Virtual Size: 3293624K (peak: 11442008K)
Resident Set Size: 76220K (peak: 78552K) (anon: 49060K, file: 27160K, shmem: 0K)
Swapped out: 0K
C-Heap outstanding allocations: 4053K

/proc/sys/kernel/threads-max (system-wide limit on the number of threads):
513303
/proc/sys/vm/max_map_count (maximum number of memory map areas a process may have):
65530
/proc/sys/kernel/pid_max (system-wide limit on number of process identifiers):
4194304

container (cgroup) information:
container_type: cgroupv1
cpu_cpuset_cpus: 0-15
cpu_memory_nodes: 0
active_processor_count: 16
cpu_quota: -1
cpu_period: 100000
cpu_shares: -1
memory_limit_in_bytes: -1
memory_and_swap_limit_in_bytes: -1
memory_soft_limit_in_bytes: -1
memory_usage_in_bytes: 1301479424
memory_max_usage_in_bytes: 1867665408

Steal ticks since vm start: 0
Steal ticks percentage since vm start:  0.000

CPU:total 16 (initial active 16) (16 cores per cpu, 2 threads per core) family 23 model 8 stepping 2 microcode 0x800820d, cmov, cx8, fxsr, mmx, sse, sse2, sse3, ssse3, sse4.1, sse4.2, popcnt, avx, avx2, aes, clmul, mmxext, 3dnowpref, lzcnt, sse4a, ht, tsc, tscinvbit, tscinv, bmi1, bmi2, 
CPU Model and flags from /proc/cpuinfo:
model name	: AMD Ryzen 7 2700X Eight-Core Processor
flags		: fpu vme de pse tsc msr pae mce cx8 apic sep mtrr pge mca cmov pat pse36 clflush mmx fxsr sse sse2 ht syscall nx mmxext fxsr_opt pdpe1gb rdtscp lm constant_tsc rep_good nopl nonstop_tsc cpuid extd_apicid aperfmperf pni pclmulqdq monitor ssse3 fma cx16 sse4_1 sse4_2 movbe popcnt aes xsave avx f16c rdrand lahf_lm cmp_legacy svm extapic cr8_legacy abm sse4a misalignsse 3dnowprefetch osvw skinit wdt tce topoext perfctr_core perfctr_nb bpext perfctr_llc mwaitx cpb hw_pstate sme ssbd sev ibpb vmmcall fsgsbase bmi1 avx2 smep bmi2 rdseed adx smap clflushopt sha_ni xsaveopt xsavec xgetbv1 xsaves clzero irperf xsaveerptr arat npt lbrv svm_lock nrip_save tsc_scale vmcb_clean flushbyasid decodeassists pausefilter pfthreshold avic v_vmsave_vmload vgif overflow_recov succor smca
Online cpus:
0-15
Offline cpus:
16-31
BIOS frequency limitation:
3700000
Frequency switch latency (ns):
0
Available cpu frequencies:
3700000 3200000 2200000 
Current governor:
ondemand
Core performance/turbo boost:
1

Memory: 4k page, physical 65828064k(51186792k free), swap 2097148k(2097148k free)

vm_info: OpenJDK 64-Bit Server VM (11.0.11+9-Ubuntu-0ubuntu2.20.04) for linux-amd64 JRE (11.0.11+9-Ubuntu-0ubuntu2.20.04), built on Apr 21 2021 09:15:32 by "unknown" with gcc 9.3.0

END.
